0 info it worked if it ends with ok
1 verbose cli [ 'C:\\nodejs\\node.exe',
1 verbose cli   'C:\\nodejs\\node_modules\\npm\\bin\\npm-cli.js',
1 verbose cli   'whoami' ]
2 info using npm@6.1.0
3 info using node@v10.5.0
4 verbose stack Error: this command requires you to be logged in.
4 verbose stack     at EventEmitter.whoami (C:\nodejs\node_modules\npm\lib\whoami.js:42:18)
4 verbose stack     at Object.commandCache.(anonymous function) (C:\nodejs\node_modules\npm\lib\npm.js:159:13)
4 verbose stack     at EventEmitter.<anonymous> (C:\nodejs\node_modules\npm\bin\npm-cli.js:123:30)
4 verbose stack     at process._tickCallback (internal/process/next_tick.js:61:11)
5 verbose cwd D:\workspace\npm\vue-event
6 verbose Windows_NT 10.0.17134
7 verbose argv "C:\\nodejs\\node.exe" "C:\\nodejs\\node_modules\\npm\\bin\\npm-cli.js" "whoami"
8 verbose node v10.5.0
9 verbose npm  v6.1.0
10 error code ENEEDAUTH
11 error need auth this command requires you to be logged in.
12 error need auth You need to authorize this machine using `npm adduser`
13 verbose exit [ 1, true ]
