0 info it worked if it ends with ok
1 verbose cli [ 'C:\\nodejs\\node.exe',
1 verbose cli   'C:\\nodejs\\node_modules\\npm\\bin\\npm-cli.js',
1 verbose cli   'publish' ]
2 info using npm@6.1.0
3 info using node@v10.5.0
4 verbose npm-session 11f2f42280318eb5
5 verbose publish [ '.' ]
6 info lifecycle vue-event@1.0.0~prepublish: vue-event@1.0.0
7 info lifecycle vue-event@1.0.0~prepare: vue-event@1.0.0
8 info lifecycle vue-event@1.0.0~prepublishOnly: vue-event@1.0.0
9 info lifecycle vue-event@1.0.0~prepack: vue-event@1.0.0
10 info lifecycle vue-event@1.0.0~postpack: vue-event@1.0.0
11 notice
12 notice package: vue-event@1.0.0
13 notice === Tarball Contents ===
14 notice 866B    package.json
14 notice 72B     .babelrc
14 notice 147B    .editorconfig
14 notice 203B    index.html
14 notice 323B    README.md
14 notice 1.8kB   webpack.config.js
14 notice 1.6kB   dist/vue-event.js
14 notice 12.0kB  dist/vue-event.js.map
14 notice 1B      node_cache/_cacache/content-v2/sha512/0b/61/241d7c17bcbb1baee7094d14b7c451efecc7ffcbd92598a0f13d313cc9ebc2a07e61f007baf58fbf94ff9a8695bdd5cae7ce03bbf1e94e93613a00f25f21
14 notice 58.2kB  node_cache/_cacache/content-v2/sha512/0e/01/d38674acd6e6ee65a187793a9f80cdb6d2967a4cfd518443194d587e532e1bb489bc8f1eaa33bd92507616041e183ed0c5511ec9cc220cfbf9e9825a706d
14 notice 58.1kB  node_cache/_cacache/content-v2/sha512/0e/5a/e3973132644954ac9850742340da6e29ad37bc0c7a08a96280806c385e1b5a421798b36674a778db17dd44fd46aee519317fd6f17d10f283c2dc20063b25
14 notice 136.1kB node_cache/_cacache/content-v2/sha512/6f/c3/dce14aa3aaccc3d476f9c8858b91a72064934166ce4807c5c14930a76c950e26ad40b7ad4756bb9aeeb6e15d222dc7279cd09bf3bad9fb447357e6dda92d
14 notice 16.6kB  node_cache/_cacache/content-v2/sha512/7c/c7/e5a11c446cfffb62810b3a167a7fefc84dacb073660735cd619d2849978bc801792dfa495b24361be8d266c3ceb290c2b2fa5e60b08fd7086eca4ff9d31e
14 notice 32.0kB  node_cache/_cacache/content-v2/sha512/81/37/16b746cfbbf4b0282c344907735a983d4144f232eaaeba350438497c0fecca0a280b28bbdf3620c3f24ac3b296ca3240104bcd3aee6615bdd9199e9aa31f
14 notice 28.3kB  node_cache/_cacache/content-v2/sha512/92/31/62cc35b48de10684b185f1f60f94d582e5c1f16cfdf65165195e3bb1eba203464a827772885bb0e6d1e365ad530a51fc7ca2f97348f37272ac1f6b37da32
14 notice 35.7kB  node_cache/_cacache/content-v2/sha512/ad/c8/ea729936cfd4d4fc357d69aa68a5b9a057d1cd875e8f1cda36410b4967c1fa8b10a4d60898687c08892cd1e437bcd4eb409ac2312387aae8ef61970cb16f
14 notice 1.5kB   node_cache/_cacache/index-v5/02/8d/202ea214834bba6c31fd2826a2869e8683dfd2494d2dd7627869792d94ca
14 notice 1.5kB   node_cache/_cacache/index-v5/20/3d/e7032dfe5278a7e80d8d0a783732bb42d4c941ca55908e2ad5d3f8005b6e
14 notice 1.5kB   node_cache/_cacache/index-v5/31/96/019080e13badfc705a394fdefc530307f50aec883e3990a5aa1a6d5cb7ca
14 notice 180B    node_cache/_cacache/index-v5/3f/a3/8e091aad7de6965408d4e170baf662d8d9347a95c75b284b71660c316c30
14 notice 159B    node_cache/_cacache/index-v5/42/e8/733f84666bf8ae51438746731476ab9b2f309ff6f8ebeda2a8ff3fe11009
14 notice 3.1kB   node_cache/_cacache/index-v5/85/60/4bb5267199d0d9de04aed183d47c7828f2d072a5d4c8ece82f4c577cc22a
14 notice 1.5kB   node_cache/_cacache/index-v5/8f/ad/8fdebb52e047a2e5ab045d147925cbd36e2e526979fd3db41020e8c620f4
14 notice 1.5kB   node_cache/_cacache/index-v5/93/33/874d77c348c22c79c497b68f508dc2dae332dbe502679755417080f96946
14 notice 1.5kB   node_cache/_cacache/index-v5/bc/82/709b71ca1bc8901970b8b2629fa7b0c527cbf59a4a1383a5d43b3501d46b
14 notice 1.5kB   node_cache/_cacache/index-v5/ce/e2/2dd98a74d2a72aac6f4cfb8ef8d632ddca64bb303fef96012cd4bfaa881f
14 notice 1.1kB   node_cache/_cacache/index-v5/d0/78/d7948927e63192f46762d0fb4d007b86874afac40bd41a5df2f570d8fb7c
14 notice 1.0kB   node_cache/_cacache/index-v5/d7/3f/60b49e57c9e355ae08ac78369f4dadd2705e49dfc83096f9ffa2b16e1b83
14 notice 1.4kB   node_cache/_cacache/index-v5/e6/69/1d82a0bae7afd711fcef1d246d260691a22315303d31f649187496291a78
14 notice 1.6kB   node_cache/_cacache/index-v5/f2/59/8968da0dc1e74d6c11bc25641e22dae2ec2f96015be8fd9d9998ec99d90b
14 notice 1.5kB   node_cache/_cacache/index-v5/f3/cd/981eabed368440076a9f62b29b2cefd92870e5f2e5478304e2516568d8c4
14 notice 1.1kB   node_cache/_logs/2019-01-04T15_25_02_215Z-debug.log
14 notice 2.3kB   src/App.vue
14 notice 127B    src/index.js
14 notice 1.5kB   src/lib/Event.js
14 notice 147B    src/main.js
15 notice === Tarball Details ===
16 notice name:          vue-event
16 notice version:       1.0.0
16 notice package size:  69.8 kB
16 notice unpacked size: 407.5 kB
16 notice shasum:        278d1349bbfd8d0220907416cb8ba6db609af733
16 notice integrity:     sha512-mEXpEm38fAp21[...]grd3Hy9aGBPzw==
16 notice total files:   36
17 notice
18 verbose getPublishConfig undefined
19 silly mapToRegistry name vue-event
20 silly mapToRegistry using default registry
21 silly mapToRegistry registry https://registry.npmjs.org/
22 silly mapToRegistry data { type: 'tag',
22 silly mapToRegistry   registry: true,
22 silly mapToRegistry   where: undefined,
22 silly mapToRegistry   raw: 'vue-event',
22 silly mapToRegistry   name: 'vue-event',
22 silly mapToRegistry   escapedName: 'vue-event',
22 silly mapToRegistry   scope: undefined,
22 silly mapToRegistry   rawSpec: '',
22 silly mapToRegistry   saveSpec: null,
22 silly mapToRegistry   fetchSpec: 'latest',
22 silly mapToRegistry   gitRange: undefined,
22 silly mapToRegistry   gitCommittish: undefined,
22 silly mapToRegistry   hosted: undefined }
23 silly mapToRegistry uri https://registry.npmjs.org/vue-event
24 verbose publish registryBase https://registry.npmjs.org/
25 silly publish uploading C:\Users\ADMINI~1\AppData\Local\Temp\npm-95724-5c54ee5c\tmp\fromDir-6f6d7a74\package.tgz
26 verbose request uri https://registry.npmjs.org/vue-event
27 verbose request sending authorization for write operation
28 info attempt registry request try #1 at 23:25:42
29 verbose request using bearer token for auth
30 verbose request id 4b008020b6d7ae95
31 http request PUT https://registry.npmjs.org/vue-event
32 http 403 https://registry.npmjs.org/vue-event
33 verbose headers { date: 'Fri, 04 Jan 2019 15:25:44 GMT',
33 verbose headers   'content-type': 'application/json',
33 verbose headers   'transfer-encoding': 'chunked',
33 verbose headers   connection: 'keep-alive',
33 verbose headers   'set-cookie':
33 verbose headers    [ '__cfduid=dbd43f6bb1c1f5bad1dadc46d41d7aced1546615543; expires=Sat, 04-Jan-20 15:25:43 GMT; path=/; domain=.registry.npmjs.org; HttpOnly' ],
33 verbose headers   'cf-ray': '493eb82b4b222882-SJC',
33 verbose headers   'expect-ct':
33 verbose headers    'max-age=604800, report-uri="https://report-uri.cloudflare.com/cdn-cgi/beacon/expect-ct"',
33 verbose headers   vary: 'Accept-Encoding',
33 verbose headers   server: 'cloudflare',
33 verbose headers   'content-encoding': 'gzip' }
34 error publish Failed PUT 403
35 verbose stack Error: You do not have permission to publish "vue-event". Are you logged in as the correct user? : vue-event
35 verbose stack     at makeError (C:\nodejs\node_modules\npm\node_modules\npm-registry-client\lib\request.js:316:12)
35 verbose stack     at RegClient.<anonymous> (C:\nodejs\node_modules\npm\node_modules\npm-registry-client\lib\request.js:304:14)
35 verbose stack     at Gunzip.cb (C:\nodejs\node_modules\npm\node_modules\npm-registry-client\lib\request.js:222:7)
35 verbose stack     at Gunzip.zlibBufferOnEnd (zlib.js:122:10)
35 verbose stack     at Gunzip.emit (events.js:187:15)
35 verbose stack     at endReadableNT (_stream_readable.js:1081:12)
35 verbose stack     at process._tickCallback (internal/process/next_tick.js:63:19)
36 verbose statusCode 403
37 verbose pkgid vue-event
38 verbose cwd D:\workspace\npm\vue-event
39 verbose Windows_NT 10.0.17134
40 verbose argv "C:\\nodejs\\node.exe" "C:\\nodejs\\node_modules\\npm\\bin\\npm-cli.js" "publish"
41 verbose node v10.5.0
42 verbose npm  v6.1.0
43 error code E403
44 error You do not have permission to publish "vue-event". Are you logged in as the correct user? : vue-event
45 verbose exit [ 1, true ]
